  canny.cpp
canny.obj : error LNK2001: 无法解析的外部符号 "void __cdecl cv::imshow(class cv::String const &,class cv::_InputArray const &)" (?imshow@cv@@YAXAEBVString@1@AEBV_InputArray@1@@Z)
canny.obj : error LNK2001: 无法解析的外部符号 "void __cdecl cv::blur(class cv::_InputArray const &,class cv::_OutputArray const &,class cv::Size_<int>,class cv::Point_<int>,int)" (?blur@cv@@YAXAEBV_InputArray@1@AEBV_OutputArray@1@V?$Size_@H@1@V?$Point_@H@1@H@Z)
canny.obj : error LNK2001: 无法解析的外部符号 "void __cdecl cv::dilate(class cv::_InputArray const &,class cv::_OutputArray const &,class cv::_InputArray const &,class cv::Point_<int>,int,int,class cv::Scalar_<double> const &)" (?dilate@cv@@YAXAEBV_InputArray@1@AEBV_OutputArray@1@0V?$Point_@H@1@HHAEBV?$Scalar_@N@1@@Z)
canny.obj : error LNK2001: 无法解析的外部符号 "void __cdecl cv::erode(class cv::_InputArray const &,class cv::_OutputArray const &,class cv::_InputArray const &,class cv::Point_<int>,int,int,class cv::Scalar_<double> const &)" (?erode@cv@@YAXAEBV_InputArray@1@AEBV_OutputArray@1@0V?$Point_@H@1@HHAEBV?$Scalar_@N@1@@Z)
canny.obj : error LNK2001: 无法解析的外部符号 "double __cdecl cv::threshold(class cv::_InputArray const &,class cv::_OutputArray const &,double,double,int)" (?threshold@cv@@YANAEBV_InputArray@1@AEBV_OutputArray@1@NNH@Z)
canny.obj : error LNK2001: 无法解析的外部符号 "void __cdecl cv::namedWindow(class cv::String const &,int)" (?namedWindow@cv@@YAXAEBVString@1@H@Z)
canny.obj : error LNK2001: 无法解析的外部符号 "public: void __cdecl cv::Mat::deallocate(void)" (?deallocate@Mat@cv@@QEAAXXZ)
canny.obj : error LNK2001: 无法解析的外部符号 "public: void __cdecl cv::Mat::create(int,int const *,int)" (?create@Mat@cv@@QEAAXHPEBHH@Z)
canny.obj : error LNK2001: 无法解析的外部符号 "public: void __cdecl cv::Mat::copyTo(class cv::_OutputArray const &)const " (?copyTo@Mat@cv@@QEBAXAEBV_OutputArray@2@@Z)
canny.obj : error LNK2001: 无法解析的外部符号 "public: void __cdecl cv::Mat::copyTo(class cv::_OutputArray const &,class cv::_InputArray const &)const " (?copyTo@Mat@cv@@QEBAXAEBV_OutputArray@2@AEBV_InputArray@2@@Z)
canny.obj : error LNK2001: 无法解析的外部符号 "public: class cv::Mat & __cdecl cv::Mat::operator=(class cv::Scalar_<double> const &)" (??4Mat@cv@@QEAAAEAV01@AEBV?$Scalar_@N@1@@Z)
canny.obj : error LNK2001: 无法解析的外部符号 "void __cdecl cv::cvtColor(class cv::_InputArray const &,class cv::_OutputArray const &,int,int)" (?cvtColor@cv@@YAXAEBV_InputArray@1@AEBV_OutputArray@1@HH@Z)
canny.obj : error LNK2001: 无法解析的外部符号 "void __cdecl cv::convertScaleAbs(class cv::_InputArray const &,class cv::_OutputArray const &,double,double)" (?convertScaleAbs@cv@@YAXAEBV_InputArray@1@AEBV_OutputArray@1@NN@Z)
canny.obj : error LNK2001: 无法解析的外部符号 "void __cdecl cv::addWeighted(class cv::_InputArray const &,double,class cv::_InputArray const &,double,double,class cv::_OutputArray const &,int)" (?addWeighted@cv@@YAXAEBV_InputArray@1@N0NNAEBV_OutputArray@1@H@Z)
canny.obj : error LNK2001: 无法解析的外部符号 "void __cdecl cv::Laplacian(class cv::_InputArray const &,class cv::_OutputArray const &,int,int,double,double,int)" (?Laplacian@cv@@YAXAEBV_InputArray@1@AEBV_OutputArray@1@HHNNH@Z)
canny.obj : error LNK2001: 无法解析的外部符号 "class cv::Mat __cdecl cv::getStructuringElement(int,class cv::Size_<int>,class cv::Point_<int>)" (?getStructuringElement@cv@@YA?AVMat@1@HV?$Size_@H@1@V?$Point_@H@1@@Z)
canny.obj : error LNK2001: 无法解析的外部符号 "void __cdecl cv::subtract(class cv::_InputArray const &,class cv::_InputArray const &,class cv::_OutputArray const &,class cv::_InputArray const &,int)" (?subtract@cv@@YAXAEBV_InputArray@1@0AEBV_OutputArray@1@0H@Z)
canny.obj : error LNK2001: 无法解析的外部符号 "void __cdecl cv::GaussianBlur(class cv::_InputArray const &,class cv::_OutputArray const &,class cv::Size_<int>,double,double,int)" (?GaussianBlur@cv@@YAXAEBV_InputArray@1@AEBV_OutputArray@1@V?$Size_@H@1@NNH@Z)
canny.obj : error LNK2001: 无法解析的外部符号 "void __cdecl cv::fastFree(void *)" (?fastFree@cv@@YAXPEAX@Z)
canny.obj : error LNK2001: 无法解析的外部符号 "void __cdecl cv::Canny(class cv::_InputArray const &,class cv::_OutputArray const &,double,double,int,bool)" (?Canny@cv@@YAXAEBV_InputArray@1@AEBV_OutputArray@1@NNH_N@Z)
canny.obj : error LNK2001: 无法解析的外部符号 "class cv::Mat __cdecl cv::imread(class cv::String const &,int)" (?imread@cv@@YA?AVMat@1@AEBVString@1@H@Z)
canny.obj : error LNK2001: 无法解析的外部符号 "private: void __cdecl cv::String::deallocate(void)" (?deallocate@String@cv@@AEAAXXZ)
canny.obj : error LNK2001: 无法解析的外部符号 "private: char * __cdecl cv::String::allocate(unsigned __int64)" (?allocate@String@cv@@AEAAPEAD_K@Z)
canny.obj : error LNK2001: 无法解析的外部符号 "void __cdecl cv::Sobel(class cv::_InputArray const &,class cv::_OutputArray const &,int,int,int,int,double,double,int)" (?Sobel@cv@@YAXAEBV_InputArray@1@AEBV_OutputArray@1@HHHHNNH@Z)
canny.obj : error LNK2001: 无法解析的外部符号 "int __cdecl cv::waitKey(int)" (?waitKey@cv@@YAHH@Z)
E:\Program Files\Opencv\Canny\x64\Release\Canny.exe : fatal error LNK1120: 25 个无法解析的外部命令
